Сборка начата 19.12.2015 15:03:33.
     1>Проект "E:\Projects\Cloud\Cloud\Cloud.vcxproj" в узле 2 (целевые объекты Build).
     1>ClCompile:
         C:\Program Files (x86)\Microsoft Visual Studio 12.0\VC\bin\CL.exe /c /IC:\SFML\include /ZI /nologo /W3 /WX- /sdl /Od /Oy- /D SFML_DYNAMIC /D _MBCS /D _MBCS /Gm /EHsc /RTC1 /MDd /GS /fp:precise /Zc:wchar_t /Zc:forScope /Fo"Debug\\" /Fd"Debug\vc120.pdb" /FR"Debug\\" /Gd /TP /analyze- /errorReport:prompt man.cpp
         man.cpp
     1>e:\projects\cloud\cloud\man.cpp(9): warning C4244: аргумент: преобразование "unsigned int" в "float", возможна потеря данных
     1>e:\projects\cloud\cloud\man.cpp(10): warning C4305: аргумент: усечение из "double" к "float"
     1>e:\projects\cloud\cloud\man.cpp(48): warning C4244: return: преобразование "float" в "int", возможна потеря данных
       Link:
         C:\Program Files (x86)\Microsoft Visual Studio 12.0\VC\bin\link.exe /ERRORREPORT:PROMPT /OUT:"E:\Projects\Cloud\Debug\Cloud.exe" /INCREMENTAL /NOLOGO /LIBPATH:C:\SFML\lib "sfml-graphics-d.lib" "sfml-window-d.lib" "sfml-system-d.lib" "sfml-audio-d.lib" kernel32.lib user32.lib gdi32.lib winspool.lib comdlg32.lib advapi32.lib shell32.lib ole32.lib oleaut32.lib uuid.lib odbc32.lib odbccp32.lib kernel32.lib user32.lib gdi32.lib winspool.lib comdlg32.lib advapi32.lib shell32.lib ole32.lib oleaut32.lib uuid.lib odbc32.lib odbccp32.lib /MANIFEST /MANIFESTUAC:"level='asInvoker' uiAccess='false'" /manifest:embed /DEBUG /PDB:"E:\Projects\Cloud\Debug\Cloud.pdb" /TLBID:1 /DYNAMICBASE /NXCOMPAT /IMPLIB:"E:\Projects\Cloud\Debug\Cloud.lib" /MACHINE:X86 Debug\cloud.obj
         Debug\game.obj
         Debug\ground.obj
         Debug\main.obj
         Debug\man.obj
         Debug\manstrategy.obj
         Debug\menu.obj
         Debug\rain.obj
         Debug\tree.obj
         Cloud.vcxproj -> E:\Projects\Cloud\Debug\Cloud.exe
       BscMake:
         C:\Program Files (x86)\Microsoft Visual Studio 12.0\VC\bin\bscmake.exe /nologo /o"E:\Projects\Cloud\Debug\Cloud.bsc" /n Debug\cloud.sbr Debug\game.sbr Debug\ground.sbr Debug\main.sbr Debug\man.sbr Debug\manstrategy.sbr Debug\menu.sbr Debug\rain.sbr Debug\tree.sbr
     1>Сборка проекта "E:\Projects\Cloud\Cloud\Cloud.vcxproj" завершена (целевые объекты Build).

Сборка успешно завершена.

Затраченное время: 00:00:01.77
